{
  "stats": {
    "suites": 2,
    "tests": 10,
    "passes": 10,
    "pending": 0,
    "failures": 0,
    "start": "2020-04-28T07:53:12.976Z",
    "end": "2020-04-28T07:53:12.976Z",
    "duration": 44336,
    "testsRegistered": 10,
    "passPercent": 100,
    "pendingPercent": 0,
    "other": 0,
    "hasOther": false,
    "skipped": 0,
    "hasSkipped": false
  },
  "results": [
    {
      "uuid": "193c245a-4fd8-4729-80c4-1435b65c0863",
      "title": "",
      "fullFile": "cypress/integration/examples/tweethome.spec.js",
      "file": "cypress/integration/examples/tweethome.spec.js",
      "beforeHooks": [],
      "afterHooks": [],
      "tests": [],
      "suites": [
        {
          "uuid": "7c24c6ca-4ff5-43ae-914b-dc77db3ebb30",
          "title": "Tweet",
          "fullFile": "",
          "file": "",
          "beforeHooks": [],
          "afterHooks": [],
          "tests": [
            {
              "title": "tweets with less than 280 characters",
              "fullTitle": "Tweet tweets with less than 280 characters",
              "timedOut": null,
              "duration": 4555,
              "state": "passed",
              "speed": "slow",
              "pass": true,
              "fail": false,
              "pending": false,
              "context": null,
              "code": "tweetHome.fillTweetTextField(tweetLessThanCharacterLimit);\ntweetHome.tweet();\ntweetHome.contains(tweetLessThanCharacterLimit);",
              "err": {},
              "uuid": "663a7a6d-9912-4529-aa22-309795f24c6e",
              "parentUUID": "7c24c6ca-4ff5-43ae-914b-dc77db3ebb30",
              "isHook": false,
              "skipped": false
            },
            {
              "title": "tweets with 279 characters (Boundary Value)",
              "fullTitle": "Tweet tweets with 279 characters (Boundary Value)",
              "timedOut": null,
              "duration": 9384,
              "state": "passed",
              "speed": "slow",
              "pass": true,
              "fail": false,
              "pending": false,
              "context": null,
              "code": "tweetHome.fillTweetTextField(tweet279Characters);\ntweetHome.tweet();\ntweetHome.contains(tweet279Characters);",
              "err": {},
              "uuid": "55ec7664-f871-4b49-b4e5-8288a7e5d593",
              "parentUUID": "7c24c6ca-4ff5-43ae-914b-dc77db3ebb30",
              "isHook": false,
              "skipped": false
            },
            {
              "title": "tweets with 280 characters (Boundary Value)",
              "fullTitle": "Tweet tweets with 280 characters (Boundary Value)",
              "timedOut": null,
              "duration": 9674,
              "state": "passed",
              "speed": "slow",
              "pass": true,
              "fail": false,
              "pending": false,
              "context": null,
              "code": "tweetHome.fillTweetTextField(tweetExactly280);\ntweetHome.tweet();\ntweetHome.contains(tweetExactly280);",
              "err": {},
              "uuid": "58e1394f-eece-450b-8fae-e956dd539757",
              "parentUUID": "7c24c6ca-4ff5-43ae-914b-dc77db3ebb30",
              "isHook": false,
              "skipped": false
            },
            {
              "title": "tweets with 281 characters (Boundary Value)",
              "fullTitle": "Tweet tweets with 281 characters (Boundary Value)",
              "timedOut": null,
              "duration": 9175,
              "state": "passed",
              "speed": "slow",
              "pass": true,
              "fail": false,
              "pending": false,
              "context": null,
              "code": "tweetHome.fillTweetTextField(tweet281Characters);\ntweetHome.getDisabledTweetButton().should('be.visible');",
              "err": {},
              "uuid": "8362c43a-4163-4fbb-b50c-ad8ea7f10679",
              "parentUUID": "7c24c6ca-4ff5-43ae-914b-dc77db3ebb30",
              "isHook": false,
              "skipped": false
            },
            {
              "title": "tweets with no character",
              "fullTitle": "Tweet tweets with no character",
              "timedOut": null,
              "duration": 3101,
              "state": "passed",
              "speed": "slow",
              "pass": true,
              "fail": false,
              "pending": false,
              "context": null,
              "code": "tweetHome.getTweetTextField().clear();\ntweetHome.getDisabledTweetButton().should('be.visible');",
              "err": {},
              "uuid": "6420ec9f-be89-4046-864b-bda94d8ced6d",
              "parentUUID": "7c24c6ca-4ff5-43ae-914b-dc77db3ebb30",
              "isHook": false,
              "skipped": false
            }
          ],
          "suites": [],
          "passes": [
            "663a7a6d-9912-4529-aa22-309795f24c6e",
            "55ec7664-f871-4b49-b4e5-8288a7e5d593",
            "58e1394f-eece-450b-8fae-e956dd539757",
            "8362c43a-4163-4fbb-b50c-ad8ea7f10679",
            "6420ec9f-be89-4046-864b-bda94d8ced6d"
          ],
          "failures": [],
          "pending": [],
          "skipped": [],
          "duration": 35889,
          "root": false,
          "rootEmpty": false,
          "_timeout": 2000
        }
      ],
      "passes": [],
      "failures": [],
      "pending": [],
      "skipped": [],
      "duration": 0,
      "root": true,
      "rootEmpty": true,
      "_timeout": 2000
    },
    {
      "uuid": "b3ece71d-39a5-493a-8c4c-89b77e1f2f18",
      "title": "",
      "fullFile": "cypress/integration/examples/login.spec.js",
      "file": "cypress/integration/examples/login.spec.js",
      "beforeHooks": [],
      "afterHooks": [],
      "tests": [],
      "suites": [
        {
          "uuid": "5ddf9cf8-b0b1-4e9f-bb4c-4fe9580f2a33",
          "title": "Login",
          "fullFile": "",
          "file": "",
          "beforeHooks": [],
          "afterHooks": [],
          "tests": [
            {
              "title": "logs in with no username and password",
              "fullTitle": "Login logs in with no username and password",
              "timedOut": null,
              "duration": 1957,
              "state": "passed",
              "speed": "slow",
              "pass": true,
              "fail": false,
              "pending": false,
              "context": null,
              "code": "//cy.get('[action=\"/sessions\"]').within(() => {\nlogin.getUsernameField().clear();\nlogin.getPasswordField().clear();\nlogin.getDisabledLoginButton().first().should('be.visible');",
              "err": {},
              "uuid": "f76719a9-8747-4a32-b7e5-efde2751906a",
              "parentUUID": "5ddf9cf8-b0b1-4e9f-bb4c-4fe9580f2a33",
              "isHook": false,
              "skipped": false
            },
            {
              "title": "logs in with non existent username",
              "fullTitle": "Login logs in with non existent username",
              "timedOut": null,
              "duration": 2044,
              "state": "passed",
              "speed": "slow",
              "pass": true,
              "fail": false,
              "pending": false,
              "context": null,
              "code": "login.fillUsername(nonExistentUsername);\nlogin.fillPassword(invalidPassword);\nlogin.clickLogin();\nlogin.contains(login.NON_EXISTENT_USERNAME_MESSAGE);",
              "err": {},
              "uuid": "29cd1221-bda5-465c-bfdb-2a5f9bd5df56",
              "parentUUID": "5ddf9cf8-b0b1-4e9f-bb4c-4fe9580f2a33",
              "isHook": false,
              "skipped": false
            },
            {
              "title": "logs in with only username",
              "fullTitle": "Login logs in with only username",
              "timedOut": null,
              "duration": 1195,
              "state": "passed",
              "speed": "slow",
              "pass": true,
              "fail": false,
              "pending": false,
              "context": null,
              "code": "login.fillUsername(validUsername);\nlogin.getDisabledLoginButton().first().should('be.visible');",
              "err": {},
              "uuid": "2699198e-2904-4bdc-994d-090b2f0659df",
              "parentUUID": "5ddf9cf8-b0b1-4e9f-bb4c-4fe9580f2a33",
              "isHook": false,
              "skipped": false
            },
            {
              "title": "logs in with only password",
              "fullTitle": "Login logs in with only password",
              "timedOut": null,
              "duration": 874,
              "state": "passed",
              "speed": "slow",
              "pass": true,
              "fail": false,
              "pending": false,
              "context": null,
              "code": "login.fillPassword(validPassword);\nlogin.getDisabledLoginButton().first().should('be.visible');",
              "err": {},
              "uuid": "70b91764-f993-4ed2-9b5b-f6a2b979cace",
              "parentUUID": "5ddf9cf8-b0b1-4e9f-bb4c-4fe9580f2a33",
              "isHook": false,
              "skipped": false
            },
            {
              "title": "logs in with valid username and password",
              "fullTitle": "Login logs in with valid username and password",
              "timedOut": null,
              "duration": 2377,
              "state": "passed",
              "speed": "slow",
              "pass": true,
              "fail": false,
              "pending": false,
              "context": null,
              "code": "login.fillUsername(validUsername);\nlogin.fillPassword(validPassword);\nlogin.clickLogin();\nlogin.contains(\"TestingTheMan\");\nlogin.contains(\"Home\");\nlogin.contains(\"Explore\");\nlogin.contains(\"Notifications\");\nlogin.contains(\"Messages\");\nlogin.contains(\"Notifications\");",
              "err": {},
              "uuid": "981b2517-9864-45d2-a43b-541053d75965",
              "parentUUID": "5ddf9cf8-b0b1-4e9f-bb4c-4fe9580f2a33",
              "isHook": false,
              "skipped": false
            }
          ],
          "suites": [],
          "passes": [
            "f76719a9-8747-4a32-b7e5-efde2751906a",
            "29cd1221-bda5-465c-bfdb-2a5f9bd5df56",
            "2699198e-2904-4bdc-994d-090b2f0659df",
            "70b91764-f993-4ed2-9b5b-f6a2b979cace",
            "981b2517-9864-45d2-a43b-541053d75965"
          ],
          "failures": [],
          "pending": [],
          "skipped": [],
          "duration": 8447,
          "root": false,
          "rootEmpty": false,
          "_timeout": 2000
        }
      ],
      "passes": [],
      "failures": [],
      "pending": [],
      "skipped": [],
      "duration": 0,
      "root": true,
      "rootEmpty": true,
      "_timeout": 2000
    }
  ],
  "meta": {
    "mocha": {
      "version": "7.1.2"
    },
    "mochawesome": {
      "options": {
        "quiet": false,
        "reportFilename": "mochawesome",
        "saveHtml": false,
        "saveJson": true,
        "consoleReporter": "spec",
        "useInlineDiffs": false,
        "code": true
      },
      "version": "6.1.1"
    },
    "marge": {
      "options": {
        "reportDir": "cypress/results",
        "overwrite": false,
        "html": false,
        "json": true
      },
      "version": "5.1.0"
    }
  }
}